
*** Running vivado
    with args -log led_control.vds -m64 -product Vivado -mode batch -messageDb vivado.pb -notrace -source led_control.tcl


****** Vivado v2024.2 (64-bit)
  **** SW Build 5239630 on Fri Nov 08 22:34:34 MST 2024
  **** IP Build 5239520 on Sun Nov 10 16:12:51 MST 2024
  **** SharedData Build 5239561 on Fri Nov 08 14:39:27 MST 2024
  **** Start of session at: Wed Mar 25 15:49:17 2026
    ** Copyright 1986-2022 Xilinx, Inc. All Rights Reserved.
    ** Copyright 2022-2024 Advanced Micro Devices, Inc. All Rights Reserved.

source led_control.tcl -notrace
Command: read_checkpoint -auto_incremental -incremental /home_cds/std010/SoC_Design_2026_1/Soc_Design_2026_1/Source_Code/session4/led_control/led_control.srcs/utils_1/imports/synth_1/led_control.dcp
INFO: [Vivado 12-5825] Read reference checkpoint from /home_cds/std010/SoC_Design_2026_1/Soc_Design_2026_1/Source_Code/session4/led_control/led_control.srcs/utils_1/imports/synth_1/led_control.dcp for incremental synthesis
INFO: [Vivado 12-7989] Please ensure there are no constraint changes
Command: synth_design -top led_control -part xc7z020clg400-1
Starting synth_design
Attempting to get a license for feature 'Synthesis' and/or device 'xc7z020'
INFO: [Common 17-349] Got license for feature 'Synthesis' and/or device 'xc7z020'
INFO: [Device 21-403] Loading part xc7z020clg400-1
INFO: [Designutils 20-5440] No compile time benefit to using incremental synthesis; A full resynthesis will be run
INFO: [Designutils 20-4379] Flow is switching to default flow due to incremental criteria not met. If you would like to alter this behaviour and have the flow terminate instead, please set the following parameter config_implementation {autoIncr.Synth.RejectBehavior Terminate}
INFO: [Synth 8-7079] Multithreading enabled for synth_design using a maximum of 7 processes.
INFO: [Synth 8-7078] Launching helper process for spawning children vivado processes
INFO: [Synth 8-7075] Helper process launched with PID 2686874
---------------------------------------------------------------------------------
Starting RTL Elaboration : Time (s): cpu = 00:00:04 ; elapsed = 00:00:04 . Memory (MB): peak = 2020.215 ; gain = 430.801 ; free physical = 282984 ; free virtual = 326788
---------------------------------------------------------------------------------
INFO: [Synth 8-6157] synthesizing module 'led_control' [/home_cds/std010/SoC_Design_2026_1/Soc_Design_2026_1/Source_Code/session4/led_control/led_control.srcs/sources_1/new/led_control.v:23]
INFO: [Synth 8-6155] done synthesizing module 'led_control' (0#1) [/home_cds/std010/SoC_Design_2026_1/Soc_Design_2026_1/Source_Code/session4/led_control/led_control.srcs/sources_1/new/led_control.v:23]
WARNING: [Synth 8-3330] design led_control has an empty top module
---------------------------------------------------------------------------------
Finished RTL Elaboration : Time (s): cpu = 00:00:06 ; elapsed = 00:00:06 . Memory (MB): peak = 2091.184 ; gain = 501.770 ; free physical = 282694 ; free virtual = 326499
---------------------------------------------------------------------------------
---------------------------------------------------------------------------------
Start Handling Custom Attributes
---------------------------------------------------------------------------------
---------------------------------------------------------------------------------
Finished Handling Custom Attributes : Time (s): cpu = 00:00:06 ; elapsed = 00:00:06 . Memory (MB): peak = 2108.996 ; gain = 519.582 ; free physical = 282662 ; free virtual = 326467
---------------------------------------------------------------------------------
---------------------------------------------------------------------------------
Finished RTL Optimization Phase 1 : Time (s): cpu = 00:00:06 ; elapsed = 00:00:06 . Memory (MB): peak = 2108.996 ; gain = 519.582 ; free physical = 282662 ; free virtual = 326467
---------------------------------------------------------------------------------
Netlist sorting complete. Time (s): cpu = 00:00:00 ; elapsed = 00:00:00 . Memory (MB): peak = 2108.996 ; gain = 0.000 ; free physical = 282661 ; free virtual = 326466
INFO: [Project 1-570] Preparing netlist for logic optimization

Processing XDC Constraints
Initializing timing engine
Parsing XDC File [/home_cds/std010/SoC_Design_2026_1/Soc_Design_2026_1/Source_Code/session4/led_control/led_control.srcs/constrs_1/new/led_control.xdc]
Finished Parsing XDC File [/home_cds/std010/SoC_Design_2026_1/Soc_Design_2026_1/Source_Code/session4/led_control/led_control.srcs/constrs_1/new/led_control.xdc]
INFO: [Project 1-236] Implementation specific constraints were found while reading constraint file [/home_cds/std010/SoC_Design_2026_1/Soc_Design_2026_1/Source_Code/session4/led_control/led_control.srcs/constrs_1/new/led_control.xdc]. These constraints will be ignored for synthesis but will be used in implementation. Impacted constraints are listed in the file [.Xil/led_control_propImpl.xdc].
Resolution: To avoid this warning, move constraints listed in [.Xil/led_control_propImpl.xdc] to another XDC file and exclude this new file from synthesis with the used_in_synthesis property (File Properties dialog in GUI) and re-run elaboration/synthesis.
Completed Processing XDC Constraints

Netlist sorting complete. Time (s): cpu = 00:00:00 ; elapsed = 00:00:00 . Memory (MB): peak = 2181.934 ; gain = 0.000 ; free physical = 282417 ; free virtual = 326224
INFO: [Project 1-111] Unisim Transformation Summary:
No Unisim elements were transformed.

Constraint Validation Runtime : Time (s): cpu = 00:00:00 ; elapsed = 00:00:00 . Memory (MB): peak = 2181.934 ; gain = 0.000 ; free physical = 282453 ; free virtual = 326260
INFO: [Designutils 20-5440] No compile time benefit to using incremental synthesis; A full resynthesis will be run
INFO: [Designutils 20-4379] Flow is switching to default flow due to incremental criteria not met. If you would like to alter this behaviour and have the flow terminate instead, please set the following parameter config_implementation {autoIncr.Synth.RejectBehavior Terminate}
---------------------------------------------------------------------------------
Finished Constraint Validation : Time (s): cpu = 00:00:12 ; elapsed = 00:00:13 . Memory (MB): peak = 2181.934 ; gain = 592.520 ; free physical = 280708 ; free virtual = 324530
---------------------------------------------------------------------------------
---------------------------------------------------------------------------------
Start Loading Part and Timing Information
---------------------------------------------------------------------------------
Loading part: xc7z020clg400-1
---------------------------------------------------------------------------------
Finished Loading Part and Timing Information : Time (s): cpu = 00:00:12 ; elapsed = 00:00:13 . Memory (MB): peak = 2189.938 ; gain = 600.523 ; free physical = 280707 ; free virtual = 324529
---------------------------------------------------------------------------------
---------------------------------------------------------------------------------
Start Applying 'set_property' XDC Constraints
---------------------------------------------------------------------------------
---------------------------------------------------------------------------------
Finished applying 'set_property' XDC Constraints : Time (s): cpu = 00:00:12 ; elapsed = 00:00:13 . Memory (MB): peak = 2189.938 ; gain = 600.523 ; free physical = 280699 ; free virtual = 324521
---------------------------------------------------------------------------------
---------------------------------------------------------------------------------
Finished RTL Optimization Phase 2 : Time (s): cpu = 00:00:12 ; elapsed = 00:00:13 . Memory (MB): peak = 2189.938 ; gain = 600.523 ; free physical = 280665 ; free virtual = 324488
---------------------------------------------------------------------------------
---------------------------------------------------------------------------------
Start RTL Component Statistics 
---------------------------------------------------------------------------------
Detailed RTL Component Info : 
---------------------------------------------------------------------------------
Finished RTL Component Statistics 
---------------------------------------------------------------------------------
---------------------------------------------------------------------------------
Start Part Resource Summary
---------------------------------------------------------------------------------
Part Resources:
DSPs: 220 (col length:60)
BRAMs: 280 (col length: RAMB18 60 RAMB36 30)
---------------------------------------------------------------------------------
Finished Part Resource Summary
---------------------------------------------------------------------------------
---------------------------------------------------------------------------------
Start Cross Boundary and Area Optimization
---------------------------------------------------------------------------------
WARNING: [Synth 8-7080] Parallel synthesis criteria is not met
WARNING: [Synth 8-3330] design led_control has an empty top module
---------------------------------------------------------------------------------
Finished Cross Boundary and Area Optimization : Time (s): cpu = 00:00:14 ; elapsed = 00:00:14 . Memory (MB): peak = 2189.938 ; gain = 600.523 ; free physical = 279944 ; free virtual = 323780
---------------------------------------------------------------------------------
---------------------------------------------------------------------------------
Start Applying XDC Timing Constraints
---------------------------------------------------------------------------------
---------------------------------------------------------------------------------
Finished Applying XDC Timing Constraints : Time (s): cpu = 00:00:20 ; elapsed = 00:00:21 . Memory (MB): peak = 2265.938 ; gain = 676.523 ; free physical = 278746 ; free virtual = 322584
---------------------------------------------------------------------------------
---------------------------------------------------------------------------------
Start Timing Optimization
---------------------------------------------------------------------------------
---------------------------------------------------------------------------------
Finished Timing Optimization : Time (s): cpu = 00:00:20 ; elapsed = 00:00:21 . Memory (MB): peak = 2265.938 ; gain = 676.523 ; free physical = 278745 ; free virtual = 322583
---------------------------------------------------------------------------------
---------------------------------------------------------------------------------
Start Technology Mapping
---------------------------------------------------------------------------------
---------------------------------------------------------------------------------
Finished Technology Mapping : Time (s): cpu = 00:00:20 ; elapsed = 00:00:21 . Memory (MB): peak = 2274.953 ; gain = 685.539 ; free physical = 278728 ; free virtual = 322566
---------------------------------------------------------------------------------
---------------------------------------------------------------------------------
Start IO Insertion
---------------------------------------------------------------------------------
---------------------------------------------------------------------------------
Start Flattening Before IO Insertion
---------------------------------------------------------------------------------
---------------------------------------------------------------------------------
Finished Flattening Before IO Insertion
---------------------------------------------------------------------------------
---------------------------------------------------------------------------------
Start Final Netlist Cleanup
---------------------------------------------------------------------------------
---------------------------------------------------------------------------------
Finished Final Netlist Cleanup
---------------------------------------------------------------------------------
---------------------------------------------------------------------------------
Finished IO Insertion : Time (s): cpu = 00:00:24 ; elapsed = 00:00:24 . Memory (MB): peak = 2444.766 ; gain = 855.352 ; free physical = 278047 ; free virtual = 321889
---------------------------------------------------------------------------------
---------------------------------------------------------------------------------
Start Renaming Generated Instances
---------------------------------------------------------------------------------
---------------------------------------------------------------------------------
Finished Renaming Generated Instances : Time (s): cpu = 00:00:24 ; elapsed = 00:00:24 . Memory (MB): peak = 2444.766 ; gain = 855.352 ; free physical = 278047 ; free virtual = 321889
---------------------------------------------------------------------------------
---------------------------------------------------------------------------------
Start Rebuilding User Hierarchy
---------------------------------------------------------------------------------
---------------------------------------------------------------------------------
Finished Rebuilding User Hierarchy : Time (s): cpu = 00:00:24 ; elapsed = 00:00:24 . Memory (MB): peak = 2444.766 ; gain = 855.352 ; free physical = 278047 ; free virtual = 321888
---------------------------------------------------------------------------------
---------------------------------------------------------------------------------
Start Renaming Generated Ports
---------------------------------------------------------------------------------
---------------------------------------------------------------------------------
Finished Renaming Generated Ports : Time (s): cpu = 00:00:24 ; elapsed = 00:00:24 . Memory (MB): peak = 2444.766 ; gain = 855.352 ; free physical = 278047 ; free virtual = 321888
---------------------------------------------------------------------------------
---------------------------------------------------------------------------------
Start Handling Custom Attributes
---------------------------------------------------------------------------------
---------------------------------------------------------------------------------
Finished Handling Custom Attributes : Time (s): cpu = 00:00:24 ; elapsed = 00:00:24 . Memory (MB): peak = 2444.766 ; gain = 855.352 ; free physical = 278046 ; free virtual = 321888
---------------------------------------------------------------------------------
---------------------------------------------------------------------------------
Start Renaming Generated Nets
---------------------------------------------------------------------------------
---------------------------------------------------------------------------------
Finished Renaming Generated Nets : Time (s): cpu = 00:00:24 ; elapsed = 00:00:24 . Memory (MB): peak = 2444.766 ; gain = 855.352 ; free physical = 278046 ; free virtual = 321888
---------------------------------------------------------------------------------
---------------------------------------------------------------------------------
Start Writing Synthesis Report
---------------------------------------------------------------------------------

Report BlackBoxes: 
+-+--------------+----------+
| |BlackBox name |Instances |
+-+--------------+----------+
+-+--------------+----------+

Report Cell Usage: 
+------+-----+------+
|      |Cell |Count |
+------+-----+------+
|1     |IBUF |     4|
|2     |OBUF |     4|
+------+-----+------+
---------------------------------------------------------------------------------
Finished Writing Synthesis Report : Time (s): cpu = 00:00:24 ; elapsed = 00:00:24 . Memory (MB): peak = 2444.766 ; gain = 855.352 ; free physical = 278046 ; free virtual = 321888
---------------------------------------------------------------------------------
Synthesis finished with 0 errors, 0 critical warnings and 2 warnings.
Synthesis Optimization Runtime : Time (s): cpu = 00:00:22 ; elapsed = 00:00:23 . Memory (MB): peak = 2444.766 ; gain = 782.414 ; free physical = 278032 ; free virtual = 321874
Synthesis Optimization Complete : Time (s): cpu = 00:00:24 ; elapsed = 00:00:24 . Memory (MB): peak = 2444.773 ; gain = 855.352 ; free physical = 278032 ; free virtual = 321874
INFO: [Project 1-571] Translating synthesized netlist
Netlist sorting complete. Time (s): cpu = 00:00:00 ; elapsed = 00:00:00 . Memory (MB): peak = 2444.773 ; gain = 0.000 ; free physical = 278022 ; free virtual = 321864
INFO: [Project 1-570] Preparing netlist for logic optimization
INFO: [Opt 31-138] Pushed 0 inverter(s) to 0 load pin(s).
Netlist sorting complete. Time (s): cpu = 00:00:00 ; elapsed = 00:00:00 . Memory (MB): peak = 2444.773 ; gain = 0.000 ; free physical = 278371 ; free virtual = 322208
INFO: [Project 1-111] Unisim Transformation Summary:
No Unisim elements were transformed.

Synth Design complete | Checksum: 3c154e5d
INFO: [Common 17-83] Releasing license: Synthesis
21 Infos, 3 Warnings, 0 Critical Warnings and 0 Errors encountered.
synth_design completed successfully
synth_design: Time (s): cpu = 00:00:35 ; elapsed = 00:00:32 . Memory (MB): peak = 2444.773 ; gain = 933.891 ; free physical = 278372 ; free virtual = 322209
INFO: [Common 17-2834] synth_design peak Physical Memory [PSS] (MB): overall = 1374.014; main = 1374.014; forked = 176.268
INFO: [Common 17-2834] synth_design peak Virtual Memory [VSS] (MB): overall = 3142.273; main = 2444.770; forked = 938.332
Write ShapeDB Complete: Time (s): cpu = 00:00:00 ; elapsed = 00:00:00 . Memory (MB): peak = 2468.777 ; gain = 0.000 ; free physical = 278371 ; free virtual = 322208
INFO: [Common 17-1381] The checkpoint '/home_cds/std010/SoC_Design_2026_1/Soc_Design_2026_1/Source_Code/session4/led_control/led_control.runs/synth_1/led_control.dcp' has been generated.
INFO: [Vivado 12-24828] Executing command : report_utilization -file led_control_utilization_synth.rpt -pb led_control_utilization_synth.pb
INFO: [Common 17-206] Exiting Vivado at Wed Mar 25 15:49:56 2026...
